This is pdfTeX, Version 3.1415926-2.3-1.40.12 (TeX Live 2011) (format=pdflatex 2011.7.3)  1 JUN 2014 23:28
entering extended mode
 restricted \write18 enabled.
 %&-line parsing enabled.
**/Users/pjm/public_html/SpaceWarps/Science/analysis/workspace/CFHTLS/stage2/CF
HTLS_2013-12-10_16:47:03/CFHTLS_2013-12-10_16:47:03_report.tex

(/Users/pjm/public_html/SpaceWarps/Science/analysis/workspace/CFHTLS/stage2/CFH
TLS_2013-12-10_16:47:03/CFHTLS_2013-12-10_16:47:03_report.tex
LaTeX2e <2009/09/24>
Babel <v3.8l> and hyphenation patterns for english, dumylang, nohyphenation, ge
rman-x-2009-06-19, ngerman-x-2009-06-19, afrikaans, ancientgreek, ibycus, arabi
c, armenian, basque, bulgarian, catalan, pinyin, coptic, croatian, czech, danis
h, dutch, ukenglish, usenglishmax, esperanto, estonian, ethiopic, farsi, finnis
h, french, galician, german, ngerman, swissgerman, monogreek, greek, hungarian,
 icelandic, assamese, bengali, gujarati, hindi, kannada, malayalam, marathi, or
iya, panjabi, tamil, telugu, indonesian, interlingua, irish, italian, kurmanji,
 lao, latin, latvian, lithuanian, mongolian, mongolianlmc, bokmal, nynorsk, pol
ish, portuguese, romanian, russian, sanskrit, serbian, serbianc, slovak, sloven
ian, spanish, swedish, turkish, turkmen, ukrainian, uppersorbian, welsh, loaded
.
(/usr/local/texlive/2011/texmf-dist/tex/latex/base/article.cls
Document Class: article 2007/10/19 v1.4h Standard LaTeX document class
(/usr/local/texlive/2011/texmf-dist/tex/latex/base/size12.clo
File: size12.clo 2007/10/19 v1.4h Standard LaTeX file (size option)
)
\c@part=\count79
\c@section=\count80
\c@subsection=\count81
\c@subsubsection=\count82
\c@paragraph=\count83
\c@subparagraph=\count84
\c@figure=\count85
\c@table=\count86
\abovecaptionskip=\skip41
\belowcaptionskip=\skip42
\bibindent=\dimen102
)
(/usr/local/texlive/2011/texmf-dist/tex/latex/psnfss/helvet.sty
Package: helvet 2005/04/12 PSNFSS-v9.2a (WaS) 

(/usr/local/texlive/2011/texmf-dist/tex/latex/graphics/keyval.sty
Package: keyval 1999/03/16 v1.13 key=value parser (DPC)
\KV@toks@=\toks14
))
(/usr/local/texlive/2011/texmf-dist/tex/latex/psnfss/mathpple.sty
Package: mathpple 2005/04/12 PSNFSS-v9.2a Palatino w/ Math (WaS) 


Package mathpple Warning: This package is to be regarded as obsolete.
(mathpple)                See the PSNFSS documentation.

) (/usr/local/texlive/2011/texmf-dist/tex/latex/graphics/graphicx.sty
Package: graphicx 1999/02/16 v1.0f Enhanced LaTeX Graphics (DPC,SPQR)

(/usr/local/texlive/2011/texmf-dist/tex/latex/graphics/graphics.sty
Package: graphics 2009/02/05 v1.0o Standard LaTeX Graphics (DPC,SPQR)

(/usr/local/texlive/2011/texmf-dist/tex/latex/graphics/trig.sty
Package: trig 1999/03/16 v1.09 sin cos tan (DPC)
)
(/usr/local/texlive/2011/texmf-dist/tex/latex/latexconfig/graphics.cfg
File: graphics.cfg 2010/04/23 v1.9 graphics configuration of TeX Live
)
Package graphics Info: Driver file: pdftex.def on input line 91.

(/usr/local/texlive/2011/texmf-dist/tex/latex/pdftex-def/pdftex.def
File: pdftex.def 2011/05/27 v0.06d Graphics/color for pdfTeX

(/usr/local/texlive/2011/texmf-dist/tex/generic/oberdiek/infwarerr.sty
Package: infwarerr 2010/04/08 v1.3 Providing info/warning/message (HO)
)
(/usr/local/texlive/2011/texmf-dist/tex/generic/oberdiek/ltxcmds.sty
Package: ltxcmds 2011/04/18 v1.20 LaTeX kernel commands for general use (HO)
)
\Gread@gobject=\count87
))
\Gin@req@height=\dimen103
\Gin@req@width=\dimen104
)
No file CFHTLS_2013-12-10_16:47:03_report.aux.
\openout1 = `CFHTLS_2013-12-10_16:47:03_report.aux'.

LaTeX Font Info:    Checking defaults for OML/cmm/m/it on input line 11.
LaTeX Font Info:    ... okay on input line 11.
LaTeX Font Info:    Checking defaults for T1/cmr/m/n on input line 11.
LaTeX Font Info:    ... okay on input line 11.
LaTeX Font Info:    Checking defaults for OT1/cmr/m/n on input line 11.
LaTeX Font Info:    ... okay on input line 11.
LaTeX Font Info:    Checking defaults for OMS/cmsy/m/n on input line 11.
LaTeX Font Info:    ... okay on input line 11.
LaTeX Font Info:    Checking defaults for OMX/cmex/m/n on input line 11.
LaTeX Font Info:    ... okay on input line 11.
LaTeX Font Info:    Checking defaults for U/cmr/m/n on input line 11.
LaTeX Font Info:    ... okay on input line 11.
LaTeX Font Info:    Try loading font information for OT1+phv on input line 11.
(/usr/local/texlive/2011/texmf-dist/tex/latex/psnfss/ot1phv.fd
File: ot1phv.fd 2001/06/04 scalable font definitions for OT1/phv.
)
\big@size=\dimen105

(/usr/local/texlive/2011/texmf-dist/tex/context/base/supp-pdf.mkii
[Loading MPS to PDF converter (version 2006.09.02).]
\scratchcounter=\count88
\scratchdimen=\dimen106
\scratchbox=\box26
\nofMPsegments=\count89
\nofMParguments=\count90
\everyMPshowfont=\toks15
\MPscratchCnt=\count91
\MPscratchDim=\dimen107
\MPnumerator=\count92
\makeMPintoPDFobject=\count93
\everyMPtoPDFconversion=\toks16
) (/usr/local/texlive/2011/texmf-dist/tex/generic/oberdiek/pdftexcmds.sty
Package: pdftexcmds 2011/04/22 v0.16 Utilities of pdfTeX for LuaTeX (HO)

(/usr/local/texlive/2011/texmf-dist/tex/generic/oberdiek/ifluatex.sty
Package: ifluatex 2010/03/01 v1.3 Provides the ifluatex switch (HO)
Package ifluatex Info: LuaTeX not detected.
)
(/usr/local/texlive/2011/texmf-dist/tex/generic/oberdiek/ifpdf.sty
Package: ifpdf 2011/01/30 v2.3 Provides the ifpdf switch (HO)
Package ifpdf Info: pdfTeX in PDF mode is detected.
)
Package pdftexcmds Info: LuaTeX not detected.
Package pdftexcmds Info: \pdf@primitive is available.
Package pdftexcmds Info: \pdf@ifprimitive is available.
Package pdftexcmds Info: \pdfdraftmode found.
)
(/usr/local/texlive/2011/texmf-dist/tex/latex/oberdiek/epstopdf-base.sty
Package: epstopdf-base 2010/02/09 v2.5 Base part for package epstopdf

(/usr/local/texlive/2011/texmf-dist/tex/latex/oberdiek/grfext.sty
Package: grfext 2010/08/19 v1.1 Managing graphics extensions (HO)

(/usr/local/texlive/2011/texmf-dist/tex/generic/oberdiek/kvdefinekeys.sty
Package: kvdefinekeys 2011/04/07 v1.3 Defining keys (HO)
))
(/usr/local/texlive/2011/texmf-dist/tex/latex/oberdiek/kvoptions.sty
Package: kvoptions 2010/12/23 v3.10 Keyval support for LaTeX options (HO)

(/usr/local/texlive/2011/texmf-dist/tex/generic/oberdiek/kvsetkeys.sty
Package: kvsetkeys 2011/04/07 v1.13 Key value parser (HO)

(/usr/local/texlive/2011/texmf-dist/tex/generic/oberdiek/etexcmds.sty
Package: etexcmds 2011/02/16 v1.5 Prefix for e-TeX command names (HO)
Package etexcmds Info: Could not find \expanded.
(etexcmds)             That can mean that you are not using pdfTeX 1.50 or
(etexcmds)             that some package has redefined \expanded.
(etexcmds)             In the latter case, load this package earlier.
)))
Package grfext Info: Graphics extension search list:
(grfext)             [.png,.pdf,.jpg,.mps,.jpeg,.jbig2,.jb2,.PNG,.PDF,.JPG,.JPE
G,.JBIG2,.JB2,.eps]
(grfext)             \AppendGraphicsExtensions on input line 452.

(/usr/local/texlive/2011/texmf-dist/tex/latex/latexconfig/epstopdf-sys.cfg
File: epstopdf-sys.cfg 2010/07/13 v1.3 Configuration of (r)epstopdf for TeX Liv
e
))
LaTeX Font Info:    Try loading font information for OT1+zpple on input line 16
.

(/usr/local/texlive/2011/texmf-dist/tex/latex/psnfss/ot1zpple.fd
File: ot1zpple.fd 1999/12/20 Fontinst v1.801 font definitions for OT1/zpple.
)
LaTeX Font Info:    Try loading font information for OML+zpple on input line 16
.

(/usr/local/texlive/2011/texmf-dist/tex/latex/psnfss/omlzpple.fd
File: omlzpple.fd 1999/12/20 Fontinst v1.801 font definitions for OML/zpple.
)
LaTeX Font Info:    Try loading font information for OMS+zpple on input line 16
.

(/usr/local/texlive/2011/texmf-dist/tex/latex/psnfss/omszpple.fd
File: omszpple.fd 1999/12/20 Fontinst v1.801 font definitions for OMS/zpple.
)
LaTeX Font Info:    Try loading font information for OMX+zpple on input line 16
.

(/usr/local/texlive/2011/texmf-dist/tex/latex/psnfss/omxzpple.fd
File: omxzpple.fd 1999/12/20 Fontinst v1.801 font definitions for OMX/zpple.
)
Underfull \hbox (badness 10000) in paragraph at lines 16--44
[][]
 []


Underfull \hbox (badness 10000) in paragraph at lines 16--44
[]
 []


</Users/pjm/public_html/SpaceWarps/Science/analysis/workspace/CFHTLS/stage2/CFH
TLS_2013-12-10_16:47:03/CFHTLS_2013-12-10_16:47:03_trajectories.png, id=1, 361.
35pt x 578.16pt>
File: /Users/pjm/public_html/SpaceWarps/Science/analysis/workspace/CFHTLS/stage
2/CFHTLS_2013-12-10_16:47:03/CFHTLS_2013-12-10_16:47:03_trajectories.png Graphi
c file (type png)

<use /Users/pjm/public_html/SpaceWarps/Science/analysis/workspace/CFHTLS/stage2
/CFHTLS_2013-12-10_16:47:03/CFHTLS_2013-12-10_16:47:03_trajectories.png>
Package pdftex.def Info: /Users/pjm/public_html/SpaceWarps/Science/analysis/wor
kspace/CFHTLS/stage2/CFHTLS_2013-12-10_16:47:03/CFHTLS_2013-12-10_16:47:03_traj
ectories.png used on input line 46.
(pdftex.def)             Requested size: 313.65042pt x 501.83946pt.

Overfull \hbox (6.42056pt too wide) in paragraph at lines 12--48
[]$[]$ $[]$ 
 []


</Users/pjm/public_html/SpaceWarps/Science/analysis/workspace/CFHTLS/stage2/CFH
TLS_2013-12-10_16:47:03/CFHTLS_2013-12-10_16:47:03_probabilities.png, id=3, 433
.62pt x 433.62pt>
File: /Users/pjm/public_html/SpaceWarps/Science/analysis/workspace/CFHTLS/stage
2/CFHTLS_2013-12-10_16:47:03/CFHTLS_2013-12-10_16:47:03_probabilities.png Graph
ic file (type png)

<use /Users/pjm/public_html/SpaceWarps/Science/analysis/workspace/CFHTLS/stage2
/CFHTLS_2013-12-10_16:47:03/CFHTLS_2013-12-10_16:47:03_probabilities.png>
Package pdftex.def Info: /Users/pjm/public_html/SpaceWarps/Science/analysis/wor
kspace/CFHTLS/stage2/CFHTLS_2013-12-10_16:47:03/CFHTLS_2013-12-10_16:47:03_prob
abilities.png used on input line 52.
(pdftex.def)             Requested size: 268.842pt x 268.85486pt.

</Users/pjm/public_html/SpaceWarps/Science/analysis/workspace/CFHTLS/stage2/CFH
TLS_2013-12-10_16:47:03/CFHTLS_2013-12-10_16:47:03_histories.png, id=4, 433.62p
t x 361.35pt>
File: /Users/pjm/public_html/SpaceWarps/Science/analysis/workspace/CFHTLS/stage
2/CFHTLS_2013-12-10_16:47:03/CFHTLS_2013-12-10_16:47:03_histories.png Graphic f
ile (type png)

<use /Users/pjm/public_html/SpaceWarps/Science/analysis/workspace/CFHTLS/stage2
/CFHTLS_2013-12-10_16:47:03/CFHTLS_2013-12-10_16:47:03_histories.png>
Package pdftex.def Info: /Users/pjm/public_html/SpaceWarps/Science/analysis/wor
kspace/CFHTLS/stage2/CFHTLS_2013-12-10_16:47:03/CFHTLS_2013-12-10_16:47:03_hist
ories.png used on input line 55.
(pdftex.def)             Requested size: 268.842pt x 224.04572pt.

Overfull \hbox (17.62482pt too wide) in paragraph at lines 50--58
[]$[]$ 
 []

[1

{/usr/local/texlive/2011/texmf-var/fonts/map/pdftex/updmap/pdftex.map} </Users/
pjm/public_html/SpaceWarps/Science/analysis/workspace/CFHTLS/stage2/CFHTLS_2013
-12-10_16:47:03/CFHTLS_2013-12-10_16:47:03_trajectories.png> </Users/pjm/public
_html/SpaceWarps/Science/analysis/workspace/CFHTLS/stage2/CFHTLS_2013-12-10_16:
47:03/CFHTLS_2013-12-10_16:47:03_probabilities.png> </Users/pjm/public_html/Spa
ceWarps/Science/analysis/workspace/CFHTLS/stage2/CFHTLS_2013-12-10_16:47:03/CFH
TLS_2013-12-10_16:47:03_histories.png>]
(./CFHTLS_2013-12-10_16:47:03_report.aux) ) 
Here is how much of TeX's memory you used:
 1603 strings out of 493633
 25696 string characters out of 3143378
 77612 words of memory out of 3000000
 4889 multiletter control sequences out of 15000+200000
 13240 words of font info for 34 fonts, out of 3000000 for 9000
 831 hyphenation exceptions out of 8191
 37i,12n,23p,478b,223s stack positions out of 5000i,500n,10000p,200000b,50000s
{/usr/local/texlive/2011/texmf-dist/
fonts/enc/dvips/base/8r.enc}</usr/local/texlive/2011/texmf-dist/fonts/type1/urw
/helvetic/uhvr8a.pfb></usr/local/texlive/2011/texmf-dist/fonts/type1/urw/palati
no/uplr8a.pfb>
Output written on CFHTLS_2013-12-10_16:47:03_report.pdf (1 page, 2063568 bytes)
.
PDF statistics:
 24 PDF objects out of 1000 (max. 8388607)
 12 compressed objects within 1 object stream
 0 named destinations out of 1000 (max. 500000)
 16 words of extra memory for PDF output out of 10000 (max. 10000000)

